Determining if the include file sys/ucred.h exists failed with the following output:
Change Dir: /home/murii/Desktop/Programming/CLove/build/CMakeFiles/CMakeTmp

Run Build Command:"/usr/bin/make" "cmTC_7ab37/fast"
/usr/bin/make -f CMakeFiles/cmTC_7ab37.dir/build.make CMakeFiles/cmTC_7ab37.dir/build
make[1]: Entering directory '/home/murii/Desktop/Programming/CLove/build/CMakeFiles/CMakeTmp'
Building C object CMakeFiles/cmTC_7ab37.dir/CheckIncludeFile.c.o
/usr/bin/cc    -fPIC -DLINUX -ldl    -o CMakeFiles/cmTC_7ab37.dir/CheckIncludeFile.c.o   -c /home/murii/Desktop/Programming/CLove/build/CMakeFiles/CMakeTmp/CheckIncludeFile.c
/home/murii/Desktop/Programming/CLove/build/CMakeFiles/CMakeTmp/CheckIncludeFile.c:1:23: fatal error: sys/ucred.h: No such file or directory
 #include <sys/ucred.h>
                       ^
compilation terminated.
CMakeFiles/cmTC_7ab37.dir/build.make:65: recipe for target 'CMakeFiles/cmTC_7ab37.dir/CheckIncludeFile.c.o' failed
make[1]: *** [CMakeFiles/cmTC_7ab37.dir/CheckIncludeFile.c.o] Error 1
make[1]: Leaving directory '/home/murii/Desktop/Programming/CLove/build/CMakeFiles/CMakeTmp'
Makefile:126: recipe for target 'cmTC_7ab37/fast' failed
make: *** [cmTC_7ab37/fast] Error 2


Determining if the include file io.h exists failed with the following output:
Change Dir: /home/murii/Desktop/Programming/CLove/build/CMakeFiles/CMakeTmp

Run Build Command:"/usr/bin/make" "cmTC_18320/fast"
/usr/bin/make -f CMakeFiles/cmTC_18320.dir/build.make CMakeFiles/cmTC_18320.dir/build
make[1]: Entering directory '/home/murii/Desktop/Programming/CLove/build/CMakeFiles/CMakeTmp'
Building C object CMakeFiles/cmTC_18320.dir/CheckIncludeFile.c.o
/usr/bin/cc    -std=c99   -fPIC -DLINUX -ldl  -D_GNU_SOURCE=1 -D_POSIX_C_SOURCE=200809L -D_XOPEN_SOURCE=700   -o CMakeFiles/cmTC_18320.dir/CheckIncludeFile.c.o   -c /home/murii/Desktop/Programming/CLove/build/CMakeFiles/CMakeTmp/CheckIncludeFile.c
/home/murii/Desktop/Programming/CLove/build/CMakeFiles/CMakeTmp/CheckIncludeFile.c:1:16: fatal error: io.h: No such file or directory
 #include <io.h>
                ^
compilation terminated.
CMakeFiles/cmTC_18320.dir/build.make:65: recipe for target 'CMakeFiles/cmTC_18320.dir/CheckIncludeFile.c.o' failed
make[1]: *** [CMakeFiles/cmTC_18320.dir/CheckIncludeFile.c.o] Error 1
make[1]: Leaving directory '/home/murii/Desktop/Programming/CLove/build/CMakeFiles/CMakeTmp'
Makefile:126: recipe for target 'cmTC_18320/fast' failed
make: *** [cmTC_18320/fast] Error 2


Determining if the include file sys/sysconf.h exists failed with the following output:
Change Dir: /home/murii/Desktop/Programming/CLove/build/CMakeFiles/CMakeTmp

Run Build Command:"/usr/bin/make" "cmTC_a0110/fast"
/usr/bin/make -f CMakeFiles/cmTC_a0110.dir/build.make CMakeFiles/cmTC_a0110.dir/build
make[1]: Entering directory '/home/murii/Desktop/Programming/CLove/build/CMakeFiles/CMakeTmp'
Building C object CMakeFiles/cmTC_a0110.dir/CheckIncludeFile.c.o
/usr/bin/cc    -std=c99   -fPIC -DLINUX -ldl  -D_GNU_SOURCE=1 -D_POSIX_C_SOURCE=200809L -D_XOPEN_SOURCE=700   -o CMakeFiles/cmTC_a0110.dir/CheckIncludeFile.c.o   -c /home/murii/Desktop/Programming/CLove/build/CMakeFiles/CMakeTmp/CheckIncludeFile.c
/home/murii/Desktop/Programming/CLove/build/CMakeFiles/CMakeTmp/CheckIncludeFile.c:1:25: fatal error: sys/sysconf.h: No such file or directory
 #include <sys/sysconf.h>
                         ^
compilation terminated.
CMakeFiles/cmTC_a0110.dir/build.make:65: recipe for target 'CMakeFiles/cmTC_a0110.dir/CheckIncludeFile.c.o' failed
make[1]: *** [CMakeFiles/cmTC_a0110.dir/CheckIncludeFile.c.o] Error 1
make[1]: Leaving directory '/home/murii/Desktop/Programming/CLove/build/CMakeFiles/CMakeTmp'
Makefile:126: recipe for target 'cmTC_a0110/fast' failed
make: *** [cmTC_a0110/fast] Error 2


Determining if the include file ieeefp.h exists failed with the following output:
Change Dir: /home/murii/Desktop/Programming/CLove/build/CMakeFiles/CMakeTmp

Run Build Command:"/usr/bin/make" "cmTC_28050/fast"
/usr/bin/make -f CMakeFiles/cmTC_28050.dir/build.make CMakeFiles/cmTC_28050.dir/build
make[1]: Entering directory '/home/murii/Desktop/Programming/CLove/build/CMakeFiles/CMakeTmp'
Building C object CMakeFiles/cmTC_28050.dir/CheckIncludeFile.c.o
/usr/bin/cc    -std=c99   -fPIC -DLINUX -ldl  -D_GNU_SOURCE=1 -D_POSIX_C_SOURCE=200809L -D_XOPEN_SOURCE=700   -o CMakeFiles/cmTC_28050.dir/CheckIncludeFile.c.o   -c /home/murii/Desktop/Programming/CLove/build/CMakeFiles/CMakeTmp/CheckIncludeFile.c
/home/murii/Desktop/Programming/CLove/build/CMakeFiles/CMakeTmp/CheckIncludeFile.c:1:20: fatal error: ieeefp.h: No such file or directory
 #include <ieeefp.h>
                    ^
compilation terminated.
CMakeFiles/cmTC_28050.dir/build.make:65: recipe for target 'CMakeFiles/cmTC_28050.dir/CheckIncludeFile.c.o' failed
make[1]: *** [CMakeFiles/cmTC_28050.dir/CheckIncludeFile.c.o] Error 1
make[1]: Leaving directory '/home/murii/Desktop/Programming/CLove/build/CMakeFiles/CMakeTmp'
Makefile:126: recipe for target 'cmTC_28050/fast' failed
make: *** [cmTC_28050/fast] Error 2


Determining if the include file guiddef.h exists failed with the following output:
Change Dir: /home/murii/Desktop/Programming/CLove/build/CMakeFiles/CMakeTmp

Run Build Command:"/usr/bin/make" "cmTC_b9c32/fast"
/usr/bin/make -f CMakeFiles/cmTC_b9c32.dir/build.make CMakeFiles/cmTC_b9c32.dir/build
make[1]: Entering directory '/home/murii/Desktop/Programming/CLove/build/CMakeFiles/CMakeTmp'
Building C object CMakeFiles/cmTC_b9c32.dir/CheckIncludeFile.c.o
/usr/bin/cc    -std=c99   -fPIC -DLINUX -ldl  -D_GNU_SOURCE=1 -D_POSIX_C_SOURCE=200809L -D_XOPEN_SOURCE=700   -o CMakeFiles/cmTC_b9c32.dir/CheckIncludeFile.c.o   -c /home/murii/Desktop/Programming/CLove/build/CMakeFiles/CMakeTmp/CheckIncludeFile.c
/home/murii/Desktop/Programming/CLove/build/CMakeFiles/CMakeTmp/CheckIncludeFile.c:1:21: fatal error: guiddef.h: No such file or directory
 #include <guiddef.h>
                     ^
compilation terminated.
CMakeFiles/cmTC_b9c32.dir/build.make:65: recipe for target 'CMakeFiles/cmTC_b9c32.dir/CheckIncludeFile.c.o' failed
make[1]: *** [CMakeFiles/cmTC_b9c32.dir/CheckIncludeFile.c.o] Error 1
make[1]: Leaving directory '/home/murii/Desktop/Programming/CLove/build/CMakeFiles/CMakeTmp'
Makefile:126: recipe for target 'cmTC_b9c32/fast' failed
make: *** [cmTC_b9c32/fast] Error 2


Determining if the include file initguid.h exists failed with the following output:
Change Dir: /home/murii/Desktop/Programming/CLove/build/CMakeFiles/CMakeTmp

Run Build Command:"/usr/bin/make" "cmTC_e7e8d/fast"
/usr/bin/make -f CMakeFiles/cmTC_e7e8d.dir/build.make CMakeFiles/cmTC_e7e8d.dir/build
make[1]: Entering directory '/home/murii/Desktop/Programming/CLove/build/CMakeFiles/CMakeTmp'
Building C object CMakeFiles/cmTC_e7e8d.dir/CheckIncludeFile.c.o
/usr/bin/cc    -std=c99   -fPIC -DLINUX -ldl  -D_GNU_SOURCE=1 -D_POSIX_C_SOURCE=200809L -D_XOPEN_SOURCE=700   -o CMakeFiles/cmTC_e7e8d.dir/CheckIncludeFile.c.o   -c /home/murii/Desktop/Programming/CLove/build/CMakeFiles/CMakeTmp/CheckIncludeFile.c
/home/murii/Desktop/Programming/CLove/build/CMakeFiles/CMakeTmp/CheckIncludeFile.c:1:22: fatal error: initguid.h: No such file or directory
 #include <initguid.h>
                      ^
compilation terminated.
CMakeFiles/cmTC_e7e8d.dir/build.make:65: recipe for target 'CMakeFiles/cmTC_e7e8d.dir/CheckIncludeFile.c.o' failed
make[1]: *** [CMakeFiles/cmTC_e7e8d.dir/CheckIncludeFile.c.o] Error 1
make[1]: Leaving directory '/home/murii/Desktop/Programming/CLove/build/CMakeFiles/CMakeTmp'
Makefile:126: recipe for target 'cmTC_e7e8d/fast' failed
make: *** [cmTC_e7e8d/fast] Error 2


Determining if the _aligned_malloc exist failed with the following output:
Change Dir: /home/murii/Desktop/Programming/CLove/build/CMakeFiles/CMakeTmp

Run Build Command:"/usr/bin/make" "cmTC_4e1ee/fast"
/usr/bin/make -f CMakeFiles/cmTC_4e1ee.dir/build.make CMakeFiles/cmTC_4e1ee.dir/build
make[1]: Entering directory '/home/murii/Desktop/Programming/CLove/build/CMakeFiles/CMakeTmp'
Building C object CMakeFiles/cmTC_4e1ee.dir/CheckSymbolExists.c.o
/usr/bin/cc    -std=c99   -fPIC -DLINUX -ldl  -D_GNU_SOURCE=1 -D_POSIX_C_SOURCE=200809L -D_XOPEN_SOURCE=700   -o CMakeFiles/cmTC_4e1ee.dir/CheckSymbolExists.c.o   -c /home/murii/Desktop/Programming/CLove/build/CMakeFiles/CMakeTmp/CheckSymbolExists.c
/home/murii/Desktop/Programming/CLove/build/CMakeFiles/CMakeTmp/CheckSymbolExists.c: In function ‘main’:
/home/murii/Desktop/Programming/CLove/build/CMakeFiles/CMakeTmp/CheckSymbolExists.c:8:19: error: ‘_aligned_malloc’ undeclared (first use in this function)
   return ((int*)(&_aligned_malloc))[argc];
                   ^~~~~~~~~~~~~~~
/home/murii/Desktop/Programming/CLove/build/CMakeFiles/CMakeTmp/CheckSymbolExists.c:8:19: note: each undeclared identifier is reported only once for each function it appears in
CMakeFiles/cmTC_4e1ee.dir/build.make:65: recipe for target 'CMakeFiles/cmTC_4e1ee.dir/CheckSymbolExists.c.o' failed
make[1]: *** [CMakeFiles/cmTC_4e1ee.dir/CheckSymbolExists.c.o] Error 1
make[1]: Leaving directory '/home/murii/Desktop/Programming/CLove/build/CMakeFiles/CMakeTmp'
Makefile:126: recipe for target 'cmTC_4e1ee/fast' failed
make: *** [cmTC_4e1ee/fast] Error 2

File /home/murii/Desktop/Programming/CLove/build/CMakeFiles/CMakeTmp/CheckSymbolExists.c:
/* */
#include <malloc.h>

int main(int argc, char** argv)
{
  (void)argv;
#ifndef _aligned_malloc
  return ((int*)(&_aligned_malloc))[argc];
#else
  (void)argc;
  return 0;
#endif
}

Determining if the _controlfp exist failed with the following output:
Change Dir: /home/murii/Desktop/Programming/CLove/build/CMakeFiles/CMakeTmp

Run Build Command:"/usr/bin/make" "cmTC_ae2b2/fast"
/usr/bin/make -f CMakeFiles/cmTC_ae2b2.dir/build.make CMakeFiles/cmTC_ae2b2.dir/build
make[1]: Entering directory '/home/murii/Desktop/Programming/CLove/build/CMakeFiles/CMakeTmp'
Building C object CMakeFiles/cmTC_ae2b2.dir/CheckSymbolExists.c.o
/usr/bin/cc    -std=c99   -fPIC -DLINUX -ldl  -D_GNU_SOURCE=1 -D_POSIX_C_SOURCE=200809L -D_XOPEN_SOURCE=700   -o CMakeFiles/cmTC_ae2b2.dir/CheckSymbolExists.c.o   -c /home/murii/Desktop/Programming/CLove/build/CMakeFiles/CMakeTmp/CheckSymbolExists.c
/home/murii/Desktop/Programming/CLove/build/CMakeFiles/CMakeTmp/CheckSymbolExists.c: In function ‘main’:
/home/murii/Desktop/Programming/CLove/build/CMakeFiles/CMakeTmp/CheckSymbolExists.c:8:19: error: ‘_controlfp’ undeclared (first use in this function)
   return ((int*)(&_controlfp))[argc];
                   ^~~~~~~~~~
/home/murii/Desktop/Programming/CLove/build/CMakeFiles/CMakeTmp/CheckSymbolExists.c:8:19: note: each undeclared identifier is reported only once for each function it appears in
CMakeFiles/cmTC_ae2b2.dir/build.make:65: recipe for target 'CMakeFiles/cmTC_ae2b2.dir/CheckSymbolExists.c.o' failed
make[1]: *** [CMakeFiles/cmTC_ae2b2.dir/CheckSymbolExists.c.o] Error 1
make[1]: Leaving directory '/home/murii/Desktop/Programming/CLove/build/CMakeFiles/CMakeTmp'
Makefile:126: recipe for target 'cmTC_ae2b2/fast' failed
make: *** [cmTC_ae2b2/fast] Error 2

File /home/murii/Desktop/Programming/CLove/build/CMakeFiles/CMakeTmp/CheckSymbolExists.c:
/* */
#include <float.h>

int main(int argc, char** argv)
{
  (void)argv;
#ifndef _controlfp
  return ((int*)(&_controlfp))[argc];
#else
  (void)argc;
  return 0;
#endif
}

Determining if the __control87_2 exist failed with the following output:
Change Dir: /home/murii/Desktop/Programming/CLove/build/CMakeFiles/CMakeTmp

Run Build Command:"/usr/bin/make" "cmTC_912c0/fast"
/usr/bin/make -f CMakeFiles/cmTC_912c0.dir/build.make CMakeFiles/cmTC_912c0.dir/build
make[1]: Entering directory '/home/murii/Desktop/Programming/CLove/build/CMakeFiles/CMakeTmp'
Building C object CMakeFiles/cmTC_912c0.dir/CheckSymbolExists.c.o
/usr/bin/cc    -std=c99   -fPIC -DLINUX -ldl  -D_GNU_SOURCE=1 -D_POSIX_C_SOURCE=200809L -D_XOPEN_SOURCE=700   -o CMakeFiles/cmTC_912c0.dir/CheckSymbolExists.c.o   -c /home/murii/Desktop/Programming/CLove/build/CMakeFiles/CMakeTmp/CheckSymbolExists.c
/home/murii/Desktop/Programming/CLove/build/CMakeFiles/CMakeTmp/CheckSymbolExists.c: In function ‘main’:
/home/murii/Desktop/Programming/CLove/build/CMakeFiles/CMakeTmp/CheckSymbolExists.c:8:19: error: ‘__control87_2’ undeclared (first use in this function)
   return ((int*)(&__control87_2))[argc];
                   ^~~~~~~~~~~~~
/home/murii/Desktop/Programming/CLove/build/CMakeFiles/CMakeTmp/CheckSymbolExists.c:8:19: note: each undeclared identifier is reported only once for each function it appears in
CMakeFiles/cmTC_912c0.dir/build.make:65: recipe for target 'CMakeFiles/cmTC_912c0.dir/CheckSymbolExists.c.o' failed
make[1]: *** [CMakeFiles/cmTC_912c0.dir/CheckSymbolExists.c.o] Error 1
make[1]: Leaving directory '/home/murii/Desktop/Programming/CLove/build/CMakeFiles/CMakeTmp'
Makefile:126: recipe for target 'cmTC_912c0/fast' failed
make: *** [cmTC_912c0/fast] Error 2

File /home/murii/Desktop/Programming/CLove/build/CMakeFiles/CMakeTmp/CheckSymbolExists.c:
/* */
#include <float.h>

int main(int argc, char** argv)
{
  (void)argv;
#ifndef __control87_2
  return ((int*)(&__control87_2))[argc];
#else
  (void)argc;
  return 0;
#endif
}

Determining if the include file android/api-level.h exists failed with the following output:
Change Dir: /home/murii/Desktop/Programming/CLove/build/CMakeFiles/CMakeTmp

Run Build Command:"/usr/bin/make" "cmTC_be49b/fast"
/usr/bin/make -f CMakeFiles/cmTC_be49b.dir/build.make CMakeFiles/cmTC_be49b.dir/build
make[1]: Entering directory '/home/murii/Desktop/Programming/CLove/build/CMakeFiles/CMakeTmp'
Building C object CMakeFiles/cmTC_be49b.dir/CheckIncludeFile.c.o
/usr/bin/cc    -std=c99   -fPIC -DLINUX -ldl  -D_GNU_SOURCE=1 -D_POSIX_C_SOURCE=200809L -D_XOPEN_SOURCE=700   -o CMakeFiles/cmTC_be49b.dir/CheckIncludeFile.c.o   -c /home/murii/Desktop/Programming/CLove/build/CMakeFiles/CMakeTmp/CheckIncludeFile.c
/home/murii/Desktop/Programming/CLove/build/CMakeFiles/CMakeTmp/CheckIncludeFile.c:1:31: fatal error: android/api-level.h: No such file or directory
 #include <android/api-level.h>
                               ^
compilation terminated.
CMakeFiles/cmTC_be49b.dir/build.make:65: recipe for target 'CMakeFiles/cmTC_be49b.dir/CheckIncludeFile.c.o' failed
make[1]: *** [CMakeFiles/cmTC_be49b.dir/CheckIncludeFile.c.o] Error 1
make[1]: Leaving directory '/home/murii/Desktop/Programming/CLove/build/CMakeFiles/CMakeTmp'
Makefile:126: recipe for target 'cmTC_be49b/fast' failed
make: *** [cmTC_be49b/fast] Error 2


Determining if the include file windows.h exists failed with the following output:
Change Dir: /home/murii/Desktop/Programming/CLove/build/CMakeFiles/CMakeTmp

Run Build Command:"/usr/bin/make" "cmTC_8deea/fast"
/usr/bin/make -f CMakeFiles/cmTC_8deea.dir/build.make CMakeFiles/cmTC_8deea.dir/build
make[1]: Entering directory '/home/murii/Desktop/Programming/CLove/build/CMakeFiles/CMakeTmp'
Building C object CMakeFiles/cmTC_8deea.dir/CheckIncludeFile.c.o
/usr/bin/cc    -std=c99   -fPIC -DLINUX -ldl -D_WIN32_WINNT=0x0502  -D_GNU_SOURCE=1 -D_POSIX_C_SOURCE=200809L -D_XOPEN_SOURCE=700   -o CMakeFiles/cmTC_8deea.dir/CheckIncludeFile.c.o   -c /home/murii/Desktop/Programming/CLove/build/CMakeFiles/CMakeTmp/CheckIncludeFile.c
/home/murii/Desktop/Programming/CLove/build/CMakeFiles/CMakeTmp/CheckIncludeFile.c:1:21: fatal error: windows.h: No such file or directory
 #include <windows.h>
                     ^
compilation terminated.
CMakeFiles/cmTC_8deea.dir/build.make:65: recipe for target 'CMakeFiles/cmTC_8deea.dir/CheckIncludeFile.c.o' failed
make[1]: *** [CMakeFiles/cmTC_8deea.dir/CheckIncludeFile.c.o] Error 1
make[1]: Leaving directory '/home/murii/Desktop/Programming/CLove/build/CMakeFiles/CMakeTmp'
Makefile:126: recipe for target 'cmTC_8deea/fast' failed
make: *** [cmTC_8deea/fast] Error 2


Determining if files pthread.h;pthread_np.h exist failed with the following output:
Change Dir: /home/murii/Desktop/Programming/CLove/build/CMakeFiles/CMakeTmp

Run Build Command:"/usr/bin/make" "cmTC_25c79/fast"
/usr/bin/make -f CMakeFiles/cmTC_25c79.dir/build.make CMakeFiles/cmTC_25c79.dir/build
make[1]: Entering directory '/home/murii/Desktop/Programming/CLove/build/CMakeFiles/CMakeTmp'
Building C object CMakeFiles/cmTC_25c79.dir/CheckIncludeFiles.c.o
/usr/bin/cc    -std=c99   -fPIC -DLINUX -ldl  -D_GNU_SOURCE=1 -D_POSIX_C_SOURCE=200809L -D_XOPEN_SOURCE=700   -o CMakeFiles/cmTC_25c79.dir/CheckIncludeFiles.c.o   -c /home/murii/Desktop/Programming/CLove/build/CMakeFiles/CMakeTmp/CheckIncludeFiles.c
/home/murii/Desktop/Programming/CLove/build/CMakeFiles/CMakeTmp/CheckIncludeFiles.c:3:24: fatal error: pthread_np.h: No such file or directory
 #include <pthread_np.h>
                        ^
compilation terminated.
CMakeFiles/cmTC_25c79.dir/build.make:65: recipe for target 'CMakeFiles/cmTC_25c79.dir/CheckIncludeFiles.c.o' failed
make[1]: *** [CMakeFiles/cmTC_25c79.dir/CheckIncludeFiles.c.o] Error 1
make[1]: Leaving directory '/home/murii/Desktop/Programming/CLove/build/CMakeFiles/CMakeTmp'
Makefile:126: recipe for target 'cmTC_25c79/fast' failed
make: *** [cmTC_25c79/fast] Error 2

Source:
/* */
#include <pthread.h>
#include <pthread_np.h>


int main(void){return 0;}

Determining if the include file arm_neon.h exists failed with the following output:
Change Dir: /home/murii/Desktop/Programming/CLove/build/CMakeFiles/CMakeTmp

Run Build Command:"/usr/bin/make" "cmTC_fd64d/fast"
/usr/bin/make -f CMakeFiles/cmTC_fd64d.dir/build.make CMakeFiles/cmTC_fd64d.dir/build
make[1]: Entering directory '/home/murii/Desktop/Programming/CLove/build/CMakeFiles/CMakeTmp'
Building C object CMakeFiles/cmTC_fd64d.dir/CheckIncludeFile.c.o
/usr/bin/cc    -std=c99   -fPIC -DLINUX -ldl  -D_GNU_SOURCE=1 -D_POSIX_C_SOURCE=200809L -D_XOPEN_SOURCE=700 -pthread   -o CMakeFiles/cmTC_fd64d.dir/CheckIncludeFile.c.o   -c /home/murii/Desktop/Programming/CLove/build/CMakeFiles/CMakeTmp/CheckIncludeFile.c
/home/murii/Desktop/Programming/CLove/build/CMakeFiles/CMakeTmp/CheckIncludeFile.c:1:22: fatal error: arm_neon.h: No such file or directory
 #include <arm_neon.h>
                      ^
compilation terminated.
CMakeFiles/cmTC_fd64d.dir/build.make:65: recipe for target 'CMakeFiles/cmTC_fd64d.dir/CheckIncludeFile.c.o' failed
make[1]: *** [CMakeFiles/cmTC_fd64d.dir/CheckIncludeFile.c.o] Error 1
make[1]: Leaving directory '/home/murii/Desktop/Programming/CLove/build/CMakeFiles/CMakeTmp'
Makefile:126: recipe for target 'cmTC_fd64d/fast' failed
make: *** [cmTC_fd64d/fast] Error 2


Determining if files SLES/OpenSLES.h;SLES/OpenSLES_Android.h exist failed with the following output:
Change Dir: /home/murii/Desktop/Programming/CLove/build/CMakeFiles/CMakeTmp

Run Build Command:"/usr/bin/make" "cmTC_c3cc0/fast"
/usr/bin/make -f CMakeFiles/cmTC_c3cc0.dir/build.make CMakeFiles/cmTC_c3cc0.dir/build
make[1]: Entering directory '/home/murii/Desktop/Programming/CLove/build/CMakeFiles/CMakeTmp'
Building C object CMakeFiles/cmTC_c3cc0.dir/CheckIncludeFiles.c.o
/usr/bin/cc    -std=c99   -fPIC -DLINUX -ldl  -D_GNU_SOURCE=1 -D_POSIX_C_SOURCE=200809L -D_XOPEN_SOURCE=700 -pthread   -o CMakeFiles/cmTC_c3cc0.dir/CheckIncludeFiles.c.o   -c /home/murii/Desktop/Programming/CLove/build/CMakeFiles/CMakeTmp/CheckIncludeFiles.c
/home/murii/Desktop/Programming/CLove/build/CMakeFiles/CMakeTmp/CheckIncludeFiles.c:2:27: fatal error: SLES/OpenSLES.h: No such file or directory
 #include <SLES/OpenSLES.h>
                           ^
compilation terminated.
CMakeFiles/cmTC_c3cc0.dir/build.make:65: recipe for target 'CMakeFiles/cmTC_c3cc0.dir/CheckIncludeFiles.c.o' failed
make[1]: *** [CMakeFiles/cmTC_c3cc0.dir/CheckIncludeFiles.c.o] Error 1
make[1]: Leaving directory '/home/murii/Desktop/Programming/CLove/build/CMakeFiles/CMakeTmp'
Makefile:126: recipe for target 'cmTC_c3cc0/fast' failed
make: *** [cmTC_c3cc0/fast] Error 2

Source:
/* */
#include <SLES/OpenSLES.h>
#include <SLES/OpenSLES_Android.h>


int main(void){return 0;}

Performing C SOURCE FILE Test HAVE_ALTIVEC_H_HDR failed with the following output:
Change Dir: /home/murii/Desktop/Programming/CLove/build/CMakeFiles/CMakeTmp

Run Build Command:"/usr/bin/make" "cmTC_f0ac6/fast"
/usr/bin/make -f CMakeFiles/cmTC_f0ac6.dir/build.make CMakeFiles/cmTC_f0ac6.dir/build
make[1]: Entering directory '/home/murii/Desktop/Programming/CLove/build/CMakeFiles/CMakeTmp'
Building C object CMakeFiles/cmTC_f0ac6.dir/src.c.o
/usr/bin/cc    -g -O3 -DHAVE_ALTIVEC_H_HDR -maltivec   -o CMakeFiles/cmTC_f0ac6.dir/src.c.o   -c /home/murii/Desktop/Programming/CLove/build/CMakeFiles/CMakeTmp/src.c
cc: error: unrecognized command line option ‘-maltivec’; did you mean ‘-mglibc’?
CMakeFiles/cmTC_f0ac6.dir/build.make:65: recipe for target 'CMakeFiles/cmTC_f0ac6.dir/src.c.o' failed
make[1]: *** [CMakeFiles/cmTC_f0ac6.dir/src.c.o] Error 1
make[1]: Leaving directory '/home/murii/Desktop/Programming/CLove/build/CMakeFiles/CMakeTmp'
Makefile:126: recipe for target 'cmTC_f0ac6/fast' failed
make: *** [cmTC_f0ac6/fast] Error 2

Source file was:

          #include <altivec.h>
          vector unsigned int vzero() {
              return vec_splat_u32(0);
          }
          int main(int argc, char **argv) { }
Performing C SOURCE FILE Test HAVE_ALTIVEC failed with the following output:
Change Dir: /home/murii/Desktop/Programming/CLove/build/CMakeFiles/CMakeTmp

Run Build Command:"/usr/bin/make" "cmTC_ac477/fast"
/usr/bin/make -f CMakeFiles/cmTC_ac477.dir/build.make CMakeFiles/cmTC_ac477.dir/build
make[1]: Entering directory '/home/murii/Desktop/Programming/CLove/build/CMakeFiles/CMakeTmp'
Building C object CMakeFiles/cmTC_ac477.dir/src.c.o
/usr/bin/cc    -g -O3 -DHAVE_ALTIVEC -maltivec   -o CMakeFiles/cmTC_ac477.dir/src.c.o   -c /home/murii/Desktop/Programming/CLove/build/CMakeFiles/CMakeTmp/src.c
cc: error: unrecognized command line option ‘-maltivec’; did you mean ‘-mglibc’?
CMakeFiles/cmTC_ac477.dir/build.make:65: recipe for target 'CMakeFiles/cmTC_ac477.dir/src.c.o' failed
make[1]: *** [CMakeFiles/cmTC_ac477.dir/src.c.o] Error 1
make[1]: Leaving directory '/home/murii/Desktop/Programming/CLove/build/CMakeFiles/CMakeTmp'
Makefile:126: recipe for target 'cmTC_ac477/fast' failed
make: *** [cmTC_ac477/fast] Error 2

Source file was:

          vector unsigned int vzero() {
              return vec_splat_u32(0);
          }
          int main(int argc, char **argv) { }
Determining if the function strlcpy exists failed with the following output:
Change Dir: /home/murii/Desktop/Programming/CLove/build/CMakeFiles/CMakeTmp

Run Build Command:"/usr/bin/make" "cmTC_11f7b/fast"
/usr/bin/make -f CMakeFiles/cmTC_11f7b.dir/build.make CMakeFiles/cmTC_11f7b.dir/build
make[1]: Entering directory '/home/murii/Desktop/Programming/CLove/build/CMakeFiles/CMakeTmp'
Building C object CMakeFiles/cmTC_11f7b.dir/CheckFunctionExists.c.o
/usr/bin/cc    -g -O3 -DCHECK_FUNCTION_EXISTS=strlcpy   -o CMakeFiles/cmTC_11f7b.dir/CheckFunctionExists.c.o   -c /usr/share/cmake-3.5/Modules/CheckFunctionExists.c
Linking C executable cmTC_11f7b
/usr/bin/cmake -E cmake_link_script CMakeFiles/cmTC_11f7b.dir/link.txt --verbose=1
/usr/bin/cc  -g -O3 -DCHECK_FUNCTION_EXISTS=strlcpy    CMakeFiles/cmTC_11f7b.dir/CheckFunctionExists.c.o  -o cmTC_11f7b -rdynamic 
CMakeFiles/cmTC_11f7b.dir/CheckFunctionExists.c.o: In function `main':
/usr/share/cmake-3.5/Modules/CheckFunctionExists.c:14: undefined reference to `strlcpy'
collect2: error: ld returned 1 exit status
CMakeFiles/cmTC_11f7b.dir/build.make:97: recipe for target 'cmTC_11f7b' failed
make[1]: *** [cmTC_11f7b] Error 1
make[1]: Leaving directory '/home/murii/Desktop/Programming/CLove/build/CMakeFiles/CMakeTmp'
Makefile:126: recipe for target 'cmTC_11f7b/fast' failed
make: *** [cmTC_11f7b/fast] Error 2


Determining if the function strlcat exists failed with the following output:
Change Dir: /home/murii/Desktop/Programming/CLove/build/CMakeFiles/CMakeTmp

Run Build Command:"/usr/bin/make" "cmTC_cc623/fast"
/usr/bin/make -f CMakeFiles/cmTC_cc623.dir/build.make CMakeFiles/cmTC_cc623.dir/build
make[1]: Entering directory '/home/murii/Desktop/Programming/CLove/build/CMakeFiles/CMakeTmp'
Building C object CMakeFiles/cmTC_cc623.dir/CheckFunctionExists.c.o
/usr/bin/cc    -g -O3 -DCHECK_FUNCTION_EXISTS=strlcat   -o CMakeFiles/cmTC_cc623.dir/CheckFunctionExists.c.o   -c /usr/share/cmake-3.5/Modules/CheckFunctionExists.c
Linking C executable cmTC_cc623
/usr/bin/cmake -E cmake_link_script CMakeFiles/cmTC_cc623.dir/link.txt --verbose=1
/usr/bin/cc  -g -O3 -DCHECK_FUNCTION_EXISTS=strlcat    CMakeFiles/cmTC_cc623.dir/CheckFunctionExists.c.o  -o cmTC_cc623 -rdynamic 
CMakeFiles/cmTC_cc623.dir/CheckFunctionExists.c.o: In function `main':
/usr/share/cmake-3.5/Modules/CheckFunctionExists.c:14: undefined reference to `strlcat'
collect2: error: ld returned 1 exit status
CMakeFiles/cmTC_cc623.dir/build.make:97: recipe for target 'cmTC_cc623' failed
make[1]: *** [cmTC_cc623] Error 1
make[1]: Leaving directory '/home/murii/Desktop/Programming/CLove/build/CMakeFiles/CMakeTmp'
Makefile:126: recipe for target 'cmTC_cc623/fast' failed
make: *** [cmTC_cc623/fast] Error 2


Determining if the function _strrev exists failed with the following output:
Change Dir: /home/murii/Desktop/Programming/CLove/build/CMakeFiles/CMakeTmp

Run Build Command:"/usr/bin/make" "cmTC_bef67/fast"
/usr/bin/make -f CMakeFiles/cmTC_bef67.dir/build.make CMakeFiles/cmTC_bef67.dir/build
make[1]: Entering directory '/home/murii/Desktop/Programming/CLove/build/CMakeFiles/CMakeTmp'
Building C object CMakeFiles/cmTC_bef67.dir/CheckFunctionExists.c.o
/usr/bin/cc    -g -O3 -DCHECK_FUNCTION_EXISTS=_strrev   -o CMakeFiles/cmTC_bef67.dir/CheckFunctionExists.c.o   -c /usr/share/cmake-3.5/Modules/CheckFunctionExists.c
Linking C executable cmTC_bef67
/usr/bin/cmake -E cmake_link_script CMakeFiles/cmTC_bef67.dir/link.txt --verbose=1
/usr/bin/cc  -g -O3 -DCHECK_FUNCTION_EXISTS=_strrev    CMakeFiles/cmTC_bef67.dir/CheckFunctionExists.c.o  -o cmTC_bef67 -rdynamic 
CMakeFiles/cmTC_bef67.dir/CheckFunctionExists.c.o: In function `main':
/usr/share/cmake-3.5/Modules/CheckFunctionExists.c:14: undefined reference to `_strrev'
collect2: error: ld returned 1 exit status
CMakeFiles/cmTC_bef67.dir/build.make:97: recipe for target 'cmTC_bef67' failed
make[1]: *** [cmTC_bef67] Error 1
make[1]: Leaving directory '/home/murii/Desktop/Programming/CLove/build/CMakeFiles/CMakeTmp'
Makefile:126: recipe for target 'cmTC_bef67/fast' failed
make: *** [cmTC_bef67/fast] Error 2


Determining if the function _strupr exists failed with the following output:
Change Dir: /home/murii/Desktop/Programming/CLove/build/CMakeFiles/CMakeTmp

Run Build Command:"/usr/bin/make" "cmTC_0d469/fast"
/usr/bin/make -f CMakeFiles/cmTC_0d469.dir/build.make CMakeFiles/cmTC_0d469.dir/build
make[1]: Entering directory '/home/murii/Desktop/Programming/CLove/build/CMakeFiles/CMakeTmp'
Building C object CMakeFiles/cmTC_0d469.dir/CheckFunctionExists.c.o
/usr/bin/cc    -g -O3 -DCHECK_FUNCTION_EXISTS=_strupr   -o CMakeFiles/cmTC_0d469.dir/CheckFunctionExists.c.o   -c /usr/share/cmake-3.5/Modules/CheckFunctionExists.c
Linking C executable cmTC_0d469
/usr/bin/cmake -E cmake_link_script CMakeFiles/cmTC_0d469.dir/link.txt --verbose=1
/usr/bin/cc  -g -O3 -DCHECK_FUNCTION_EXISTS=_strupr    CMakeFiles/cmTC_0d469.dir/CheckFunctionExists.c.o  -o cmTC_0d469 -rdynamic 
CMakeFiles/cmTC_0d469.dir/CheckFunctionExists.c.o: In function `main':
/usr/share/cmake-3.5/Modules/CheckFunctionExists.c:14: undefined reference to `_strupr'
collect2: error: ld returned 1 exit status
CMakeFiles/cmTC_0d469.dir/build.make:97: recipe for target 'cmTC_0d469' failed
make[1]: *** [cmTC_0d469] Error 1
make[1]: Leaving directory '/home/murii/Desktop/Programming/CLove/build/CMakeFiles/CMakeTmp'
Makefile:126: recipe for target 'cmTC_0d469/fast' failed
make: *** [cmTC_0d469/fast] Error 2


Determining if the function _strlwr exists failed with the following output:
Change Dir: /home/murii/Desktop/Programming/CLove/build/CMakeFiles/CMakeTmp

Run Build Command:"/usr/bin/make" "cmTC_6f861/fast"
/usr/bin/make -f CMakeFiles/cmTC_6f861.dir/build.make CMakeFiles/cmTC_6f861.dir/build
make[1]: Entering directory '/home/murii/Desktop/Programming/CLove/build/CMakeFiles/CMakeTmp'
Building C object CMakeFiles/cmTC_6f861.dir/CheckFunctionExists.c.o
/usr/bin/cc    -g -O3 -DCHECK_FUNCTION_EXISTS=_strlwr   -o CMakeFiles/cmTC_6f861.dir/CheckFunctionExists.c.o   -c /usr/share/cmake-3.5/Modules/CheckFunctionExists.c
Linking C executable cmTC_6f861
/usr/bin/cmake -E cmake_link_script CMakeFiles/cmTC_6f861.dir/link.txt --verbose=1
/usr/bin/cc  -g -O3 -DCHECK_FUNCTION_EXISTS=_strlwr    CMakeFiles/cmTC_6f861.dir/CheckFunctionExists.c.o  -o cmTC_6f861 -rdynamic 
CMakeFiles/cmTC_6f861.dir/CheckFunctionExists.c.o: In function `main':
/usr/share/cmake-3.5/Modules/CheckFunctionExists.c:14: undefined reference to `_strlwr'
collect2: error: ld returned 1 exit status
CMakeFiles/cmTC_6f861.dir/build.make:97: recipe for target 'cmTC_6f861' failed
make[1]: *** [cmTC_6f861] Error 1
make[1]: Leaving directory '/home/murii/Desktop/Programming/CLove/build/CMakeFiles/CMakeTmp'
Makefile:126: recipe for target 'cmTC_6f861/fast' failed
make: *** [cmTC_6f861/fast] Error 2


Determining if the function itoa exists failed with the following output:
Change Dir: /home/murii/Desktop/Programming/CLove/build/CMakeFiles/CMakeTmp

Run Build Command:"/usr/bin/make" "cmTC_d4dcf/fast"
/usr/bin/make -f CMakeFiles/cmTC_d4dcf.dir/build.make CMakeFiles/cmTC_d4dcf.dir/build
make[1]: Entering directory '/home/murii/Desktop/Programming/CLove/build/CMakeFiles/CMakeTmp'
Building C object CMakeFiles/cmTC_d4dcf.dir/CheckFunctionExists.c.o
/usr/bin/cc    -g -O3 -DCHECK_FUNCTION_EXISTS=itoa   -o CMakeFiles/cmTC_d4dcf.dir/CheckFunctionExists.c.o   -c /usr/share/cmake-3.5/Modules/CheckFunctionExists.c
Linking C executable cmTC_d4dcf
/usr/bin/cmake -E cmake_link_script CMakeFiles/cmTC_d4dcf.dir/link.txt --verbose=1
/usr/bin/cc  -g -O3 -DCHECK_FUNCTION_EXISTS=itoa    CMakeFiles/cmTC_d4dcf.dir/CheckFunctionExists.c.o  -o cmTC_d4dcf -rdynamic 
CMakeFiles/cmTC_d4dcf.dir/CheckFunctionExists.c.o: In function `main':
/usr/share/cmake-3.5/Modules/CheckFunctionExists.c:14: undefined reference to `itoa'
collect2: error: ld returned 1 exit status
CMakeFiles/cmTC_d4dcf.dir/build.make:97: recipe for target 'cmTC_d4dcf' failed
make[1]: *** [cmTC_d4dcf] Error 1
make[1]: Leaving directory '/home/murii/Desktop/Programming/CLove/build/CMakeFiles/CMakeTmp'
Makefile:126: recipe for target 'cmTC_d4dcf/fast' failed
make: *** [cmTC_d4dcf/fast] Error 2


Determining if the function _ltoa exists failed with the following output:
Change Dir: /home/murii/Desktop/Programming/CLove/build/CMakeFiles/CMakeTmp

Run Build Command:"/usr/bin/make" "cmTC_2c341/fast"
/usr/bin/make -f CMakeFiles/cmTC_2c341.dir/build.make CMakeFiles/cmTC_2c341.dir/build
make[1]: Entering directory '/home/murii/Desktop/Programming/CLove/build/CMakeFiles/CMakeTmp'
Building C object CMakeFiles/cmTC_2c341.dir/CheckFunctionExists.c.o
/usr/bin/cc    -g -O3 -DCHECK_FUNCTION_EXISTS=_ltoa   -o CMakeFiles/cmTC_2c341.dir/CheckFunctionExists.c.o   -c /usr/share/cmake-3.5/Modules/CheckFunctionExists.c
Linking C executable cmTC_2c341
/usr/bin/cmake -E cmake_link_script CMakeFiles/cmTC_2c341.dir/link.txt --verbose=1
/usr/bin/cc  -g -O3 -DCHECK_FUNCTION_EXISTS=_ltoa    CMakeFiles/cmTC_2c341.dir/CheckFunctionExists.c.o  -o cmTC_2c341 -rdynamic 
CMakeFiles/cmTC_2c341.dir/CheckFunctionExists.c.o: In function `main':
/usr/share/cmake-3.5/Modules/CheckFunctionExists.c:14: undefined reference to `_ltoa'
collect2: error: ld returned 1 exit status
CMakeFiles/cmTC_2c341.dir/build.make:97: recipe for target 'cmTC_2c341' failed
make[1]: *** [cmTC_2c341] Error 1
make[1]: Leaving directory '/home/murii/Desktop/Programming/CLove/build/CMakeFiles/CMakeTmp'
Makefile:126: recipe for target 'cmTC_2c341/fast' failed
make: *** [cmTC_2c341/fast] Error 2


Determining if the function _uitoa exists failed with the following output:
Change Dir: /home/murii/Desktop/Programming/CLove/build/CMakeFiles/CMakeTmp

Run Build Command:"/usr/bin/make" "cmTC_fb783/fast"
/usr/bin/make -f CMakeFiles/cmTC_fb783.dir/build.make CMakeFiles/cmTC_fb783.dir/build
make[1]: Entering directory '/home/murii/Desktop/Programming/CLove/build/CMakeFiles/CMakeTmp'
Building C object CMakeFiles/cmTC_fb783.dir/CheckFunctionExists.c.o
/usr/bin/cc    -g -O3 -DCHECK_FUNCTION_EXISTS=_uitoa   -o CMakeFiles/cmTC_fb783.dir/CheckFunctionExists.c.o   -c /usr/share/cmake-3.5/Modules/CheckFunctionExists.c
Linking C executable cmTC_fb783
/usr/bin/cmake -E cmake_link_script CMakeFiles/cmTC_fb783.dir/link.txt --verbose=1
/usr/bin/cc  -g -O3 -DCHECK_FUNCTION_EXISTS=_uitoa    CMakeFiles/cmTC_fb783.dir/CheckFunctionExists.c.o  -o cmTC_fb783 -rdynamic 
CMakeFiles/cmTC_fb783.dir/CheckFunctionExists.c.o: In function `main':
/usr/share/cmake-3.5/Modules/CheckFunctionExists.c:14: undefined reference to `_uitoa'
collect2: error: ld returned 1 exit status
CMakeFiles/cmTC_fb783.dir/build.make:97: recipe for target 'cmTC_fb783' failed
make[1]: *** [cmTC_fb783] Error 1
make[1]: Leaving directory '/home/murii/Desktop/Programming/CLove/build/CMakeFiles/CMakeTmp'
Makefile:126: recipe for target 'cmTC_fb783/fast' failed
make: *** [cmTC_fb783/fast] Error 2


Determining if the function _ultoa exists failed with the following output:
Change Dir: /home/murii/Desktop/Programming/CLove/build/CMakeFiles/CMakeTmp

Run Build Command:"/usr/bin/make" "cmTC_81db1/fast"
/usr/bin/make -f CMakeFiles/cmTC_81db1.dir/build.make CMakeFiles/cmTC_81db1.dir/build
make[1]: Entering directory '/home/murii/Desktop/Programming/CLove/build/CMakeFiles/CMakeTmp'
Building C object CMakeFiles/cmTC_81db1.dir/CheckFunctionExists.c.o
/usr/bin/cc    -g -O3 -DCHECK_FUNCTION_EXISTS=_ultoa   -o CMakeFiles/cmTC_81db1.dir/CheckFunctionExists.c.o   -c /usr/share/cmake-3.5/Modules/CheckFunctionExists.c
Linking C executable cmTC_81db1
/usr/bin/cmake -E cmake_link_script CMakeFiles/cmTC_81db1.dir/link.txt --verbose=1
/usr/bin/cc  -g -O3 -DCHECK_FUNCTION_EXISTS=_ultoa    CMakeFiles/cmTC_81db1.dir/CheckFunctionExists.c.o  -o cmTC_81db1 -rdynamic 
CMakeFiles/cmTC_81db1.dir/CheckFunctionExists.c.o: In function `main':
/usr/share/cmake-3.5/Modules/CheckFunctionExists.c:14: undefined reference to `_ultoa'
collect2: error: ld returned 1 exit status
CMakeFiles/cmTC_81db1.dir/build.make:97: recipe for target 'cmTC_81db1' failed
make[1]: *** [cmTC_81db1] Error 1
make[1]: Leaving directory '/home/murii/Desktop/Programming/CLove/build/CMakeFiles/CMakeTmp'
Makefile:126: recipe for target 'cmTC_81db1/fast' failed
make: *** [cmTC_81db1/fast] Error 2


Determining if the function _i64toa exists failed with the following output:
Change Dir: /home/murii/Desktop/Programming/CLove/build/CMakeFiles/CMakeTmp

Run Build Command:"/usr/bin/make" "cmTC_57b77/fast"
/usr/bin/make -f CMakeFiles/cmTC_57b77.dir/build.make CMakeFiles/cmTC_57b77.dir/build
make[1]: Entering directory '/home/murii/Desktop/Programming/CLove/build/CMakeFiles/CMakeTmp'
Building C object CMakeFiles/cmTC_57b77.dir/CheckFunctionExists.c.o
/usr/bin/cc    -g -O3 -DCHECK_FUNCTION_EXISTS=_i64toa   -o CMakeFiles/cmTC_57b77.dir/CheckFunctionExists.c.o   -c /usr/share/cmake-3.5/Modules/CheckFunctionExists.c
Linking C executable cmTC_57b77
/usr/bin/cmake -E cmake_link_script CMakeFiles/cmTC_57b77.dir/link.txt --verbose=1
/usr/bin/cc  -g -O3 -DCHECK_FUNCTION_EXISTS=_i64toa    CMakeFiles/cmTC_57b77.dir/CheckFunctionExists.c.o  -o cmTC_57b77 -rdynamic 
CMakeFiles/cmTC_57b77.dir/CheckFunctionExists.c.o: In function `main':
/usr/share/cmake-3.5/Modules/CheckFunctionExists.c:14: undefined reference to `_i64toa'
collect2: error: ld returned 1 exit status
CMakeFiles/cmTC_57b77.dir/build.make:97: recipe for target 'cmTC_57b77' failed
make[1]: *** [cmTC_57b77] Error 1
make[1]: Leaving directory '/home/murii/Desktop/Programming/CLove/build/CMakeFiles/CMakeTmp'
Makefile:126: recipe for target 'cmTC_57b77/fast' failed
make: *** [cmTC_57b77/fast] Error 2


Determining if the function _ui64toa exists failed with the following output:
Change Dir: /home/murii/Desktop/Programming/CLove/build/CMakeFiles/CMakeTmp

Run Build Command:"/usr/bin/make" "cmTC_96628/fast"
/usr/bin/make -f CMakeFiles/cmTC_96628.dir/build.make CMakeFiles/cmTC_96628.dir/build
make[1]: Entering directory '/home/murii/Desktop/Programming/CLove/build/CMakeFiles/CMakeTmp'
Building C object CMakeFiles/cmTC_96628.dir/CheckFunctionExists.c.o
/usr/bin/cc    -g -O3 -DCHECK_FUNCTION_EXISTS=_ui64toa   -o CMakeFiles/cmTC_96628.dir/CheckFunctionExists.c.o   -c /usr/share/cmake-3.5/Modules/CheckFunctionExists.c
Linking C executable cmTC_96628
/usr/bin/cmake -E cmake_link_script CMakeFiles/cmTC_96628.dir/link.txt --verbose=1
/usr/bin/cc  -g -O3 -DCHECK_FUNCTION_EXISTS=_ui64toa    CMakeFiles/cmTC_96628.dir/CheckFunctionExists.c.o  -o cmTC_96628 -rdynamic 
CMakeFiles/cmTC_96628.dir/CheckFunctionExists.c.o: In function `main':
/usr/share/cmake-3.5/Modules/CheckFunctionExists.c:14: undefined reference to `_ui64toa'
collect2: error: ld returned 1 exit status
CMakeFiles/cmTC_96628.dir/build.make:97: recipe for target 'cmTC_96628' failed
make[1]: *** [cmTC_96628] Error 1
make[1]: Leaving directory '/home/murii/Desktop/Programming/CLove/build/CMakeFiles/CMakeTmp'
Makefile:126: recipe for target 'cmTC_96628/fast' failed
make: *** [cmTC_96628/fast] Error 2


Determining if the function _stricmp exists failed with the following output:
Change Dir: /home/murii/Desktop/Programming/CLove/build/CMakeFiles/CMakeTmp

Run Build Command:"/usr/bin/make" "cmTC_980ab/fast"
/usr/bin/make -f CMakeFiles/cmTC_980ab.dir/build.make CMakeFiles/cmTC_980ab.dir/build
make[1]: Entering directory '/home/murii/Desktop/Programming/CLove/build/CMakeFiles/CMakeTmp'
Building C object CMakeFiles/cmTC_980ab.dir/CheckFunctionExists.c.o
/usr/bin/cc    -g -O3 -DCHECK_FUNCTION_EXISTS=_stricmp   -o CMakeFiles/cmTC_980ab.dir/CheckFunctionExists.c.o   -c /usr/share/cmake-3.5/Modules/CheckFunctionExists.c
Linking C executable cmTC_980ab
/usr/bin/cmake -E cmake_link_script CMakeFiles/cmTC_980ab.dir/link.txt --verbose=1
/usr/bin/cc  -g -O3 -DCHECK_FUNCTION_EXISTS=_stricmp    CMakeFiles/cmTC_980ab.dir/CheckFunctionExists.c.o  -o cmTC_980ab -rdynamic 
CMakeFiles/cmTC_980ab.dir/CheckFunctionExists.c.o: In function `main':
/usr/share/cmake-3.5/Modules/CheckFunctionExists.c:14: undefined reference to `_stricmp'
collect2: error: ld returned 1 exit status
CMakeFiles/cmTC_980ab.dir/build.make:97: recipe for target 'cmTC_980ab' failed
make[1]: *** [cmTC_980ab] Error 1
make[1]: Leaving directory '/home/murii/Desktop/Programming/CLove/build/CMakeFiles/CMakeTmp'
Makefile:126: recipe for target 'cmTC_980ab/fast' failed
make: *** [cmTC_980ab/fast] Error 2


Determining if the function _strnicmp exists failed with the following output:
Change Dir: /home/murii/Desktop/Programming/CLove/build/CMakeFiles/CMakeTmp

Run Build Command:"/usr/bin/make" "cmTC_87354/fast"
/usr/bin/make -f CMakeFiles/cmTC_87354.dir/build.make CMakeFiles/cmTC_87354.dir/build
make[1]: Entering directory '/home/murii/Desktop/Programming/CLove/build/CMakeFiles/CMakeTmp'
Building C object CMakeFiles/cmTC_87354.dir/CheckFunctionExists.c.o
/usr/bin/cc    -g -O3 -DCHECK_FUNCTION_EXISTS=_strnicmp   -o CMakeFiles/cmTC_87354.dir/CheckFunctionExists.c.o   -c /usr/share/cmake-3.5/Modules/CheckFunctionExists.c
Linking C executable cmTC_87354
/usr/bin/cmake -E cmake_link_script CMakeFiles/cmTC_87354.dir/link.txt --verbose=1
/usr/bin/cc  -g -O3 -DCHECK_FUNCTION_EXISTS=_strnicmp    CMakeFiles/cmTC_87354.dir/CheckFunctionExists.c.o  -o cmTC_87354 -rdynamic 
CMakeFiles/cmTC_87354.dir/CheckFunctionExists.c.o: In function `main':
/usr/share/cmake-3.5/Modules/CheckFunctionExists.c:14: undefined reference to `_strnicmp'
collect2: error: ld returned 1 exit status
CMakeFiles/cmTC_87354.dir/build.make:97: recipe for target 'cmTC_87354' failed
make[1]: *** [cmTC_87354] Error 1
make[1]: Leaving directory '/home/murii/Desktop/Programming/CLove/build/CMakeFiles/CMakeTmp'
Makefile:126: recipe for target 'cmTC_87354/fast' failed
make: *** [cmTC_87354/fast] Error 2


Determining if the function sysctlbyname exists failed with the following output:
Change Dir: /home/murii/Desktop/Programming/CLove/build/CMakeFiles/CMakeTmp

Run Build Command:"/usr/bin/make" "cmTC_a270e/fast"
/usr/bin/make -f CMakeFiles/cmTC_a270e.dir/build.make CMakeFiles/cmTC_a270e.dir/build
make[1]: Entering directory '/home/murii/Desktop/Programming/CLove/build/CMakeFiles/CMakeTmp'
Building C object CMakeFiles/cmTC_a270e.dir/CheckFunctionExists.c.o
/usr/bin/cc    -g -O3 -DCHECK_FUNCTION_EXISTS=sysctlbyname   -o CMakeFiles/cmTC_a270e.dir/CheckFunctionExists.c.o   -c /usr/share/cmake-3.5/Modules/CheckFunctionExists.c
Linking C executable cmTC_a270e
/usr/bin/cmake -E cmake_link_script CMakeFiles/cmTC_a270e.dir/link.txt --verbose=1
/usr/bin/cc  -g -O3 -DCHECK_FUNCTION_EXISTS=sysctlbyname    CMakeFiles/cmTC_a270e.dir/CheckFunctionExists.c.o  -o cmTC_a270e -rdynamic 
CMakeFiles/cmTC_a270e.dir/CheckFunctionExists.c.o: In function `main':
/usr/share/cmake-3.5/Modules/CheckFunctionExists.c:14: undefined reference to `sysctlbyname'
collect2: error: ld returned 1 exit status
CMakeFiles/cmTC_a270e.dir/build.make:97: recipe for target 'cmTC_a270e' failed
make[1]: *** [cmTC_a270e] Error 1
make[1]: Leaving directory '/home/murii/Desktop/Programming/CLove/build/CMakeFiles/CMakeTmp'
Makefile:126: recipe for target 'cmTC_a270e/fast' failed
make: *** [cmTC_a270e/fast] Error 2


Determining if the function iconv_open exists in the iconv failed with the following output:
Change Dir: /home/murii/Desktop/Programming/CLove/build/CMakeFiles/CMakeTmp

Run Build Command:"/usr/bin/make" "cmTC_ae9f1/fast"
/usr/bin/make -f CMakeFiles/cmTC_ae9f1.dir/build.make CMakeFiles/cmTC_ae9f1.dir/build
make[1]: Entering directory '/home/murii/Desktop/Programming/CLove/build/CMakeFiles/CMakeTmp'
Building C object CMakeFiles/cmTC_ae9f1.dir/CheckFunctionExists.c.o
/usr/bin/cc    -g -O3 -DCHECK_FUNCTION_EXISTS=iconv_open   -o CMakeFiles/cmTC_ae9f1.dir/CheckFunctionExists.c.o   -c /usr/share/cmake-3.5/Modules/CheckFunctionExists.c
Linking C executable cmTC_ae9f1
/usr/bin/cmake -E cmake_link_script CMakeFiles/cmTC_ae9f1.dir/link.txt --verbose=1
/usr/bin/cc  -g -O3 -DCHECK_FUNCTION_EXISTS=iconv_open    CMakeFiles/cmTC_ae9f1.dir/CheckFunctionExists.c.o  -o cmTC_ae9f1 -rdynamic -liconv 
/usr/bin/ld: cannot find -liconv
collect2: error: ld returned 1 exit status
CMakeFiles/cmTC_ae9f1.dir/build.make:97: recipe for target 'cmTC_ae9f1' failed
make[1]: *** [cmTC_ae9f1] Error 1
make[1]: Leaving directory '/home/murii/Desktop/Programming/CLove/build/CMakeFiles/CMakeTmp'
Makefile:126: recipe for target 'cmTC_ae9f1/fast' failed
make: *** [cmTC_ae9f1/fast] Error 2


Determining if the function dlopen exists failed with the following output:
Change Dir: /home/murii/Desktop/Programming/CLove/build/CMakeFiles/CMakeTmp

Run Build Command:"/usr/bin/make" "cmTC_a874a/fast"
/usr/bin/make -f CMakeFiles/cmTC_a874a.dir/build.make CMakeFiles/cmTC_a874a.dir/build
make[1]: Entering directory '/home/murii/Desktop/Programming/CLove/build/CMakeFiles/CMakeTmp'
Building C object CMakeFiles/cmTC_a874a.dir/CheckFunctionExists.c.o
/usr/bin/cc    -g -O3 -DCHECK_FUNCTION_EXISTS=dlopen   -o CMakeFiles/cmTC_a874a.dir/CheckFunctionExists.c.o   -c /usr/share/cmake-3.5/Modules/CheckFunctionExists.c
Linking C executable cmTC_a874a
/usr/bin/cmake -E cmake_link_script CMakeFiles/cmTC_a874a.dir/link.txt --verbose=1
/usr/bin/cc  -g -O3 -DCHECK_FUNCTION_EXISTS=dlopen    CMakeFiles/cmTC_a874a.dir/CheckFunctionExists.c.o  -o cmTC_a874a -rdynamic 
CMakeFiles/cmTC_a874a.dir/CheckFunctionExists.c.o: In function `main':
/usr/share/cmake-3.5/Modules/CheckFunctionExists.c:14: undefined reference to `dlopen'
collect2: error: ld returned 1 exit status
CMakeFiles/cmTC_a874a.dir/build.make:97: recipe for target 'cmTC_a874a' failed
make[1]: *** [cmTC_a874a] Error 1
make[1]: Leaving directory '/home/murii/Desktop/Programming/CLove/build/CMakeFiles/CMakeTmp'
Makefile:126: recipe for target 'cmTC_a874a/fast' failed
make: *** [cmTC_a874a/fast] Error 2


Determining if the include file sndio.h exists failed with the following output:
Change Dir: /home/murii/Desktop/Programming/CLove/build/CMakeFiles/CMakeTmp

Run Build Command:"/usr/bin/make" "cmTC_a9532/fast"
/usr/bin/make -f CMakeFiles/cmTC_a9532.dir/build.make CMakeFiles/cmTC_a9532.dir/build
make[1]: Entering directory '/home/murii/Desktop/Programming/CLove/build/CMakeFiles/CMakeTmp'
Building C object CMakeFiles/cmTC_a9532.dir/CheckIncludeFile.c.o
/usr/bin/cc    -g -O3    -o CMakeFiles/cmTC_a9532.dir/CheckIncludeFile.c.o   -c /home/murii/Desktop/Programming/CLove/build/CMakeFiles/CMakeTmp/CheckIncludeFile.c
/home/murii/Desktop/Programming/CLove/build/CMakeFiles/CMakeTmp/CheckIncludeFile.c:1:19: fatal error: sndio.h: No such file or directory
 #include <sndio.h>
                   ^
compilation terminated.
CMakeFiles/cmTC_a9532.dir/build.make:65: recipe for target 'CMakeFiles/cmTC_a9532.dir/CheckIncludeFile.c.o' failed
make[1]: *** [CMakeFiles/cmTC_a9532.dir/CheckIncludeFile.c.o] Error 1
make[1]: Leaving directory '/home/murii/Desktop/Programming/CLove/build/CMakeFiles/CMakeTmp'
Makefile:126: recipe for target 'cmTC_a9532/fast' failed
make: *** [cmTC_a9532/fast] Error 2


Performing C SOURCE FILE Test HAVE_VIDEO_OPENGLES_V1 failed with the following output:
Change Dir: /home/murii/Desktop/Programming/CLove/build/CMakeFiles/CMakeTmp

Run Build Command:"/usr/bin/make" "cmTC_debdb/fast"
/usr/bin/make -f CMakeFiles/cmTC_debdb.dir/build.make CMakeFiles/cmTC_debdb.dir/build
make[1]: Entering directory '/home/murii/Desktop/Programming/CLove/build/CMakeFiles/CMakeTmp'
Building C object CMakeFiles/cmTC_debdb.dir/src.c.o
/usr/bin/cc    -g -O3 -DHAVE_VIDEO_OPENGLES_V1   -o CMakeFiles/cmTC_debdb.dir/src.c.o   -c /home/murii/Desktop/Programming/CLove/build/CMakeFiles/CMakeTmp/src.c
/home/murii/Desktop/Programming/CLove/build/CMakeFiles/CMakeTmp/src.c:2:27: fatal error: GLES/gl.h: No such file or directory
       #include <GLES/gl.h>
                           ^
compilation terminated.
CMakeFiles/cmTC_debdb.dir/build.make:65: recipe for target 'CMakeFiles/cmTC_debdb.dir/src.c.o' failed
make[1]: *** [CMakeFiles/cmTC_debdb.dir/src.c.o] Error 1
make[1]: Leaving directory '/home/murii/Desktop/Programming/CLove/build/CMakeFiles/CMakeTmp'
Makefile:126: recipe for target 'cmTC_debdb/fast' failed
make: *** [cmTC_debdb/fast] Error 2

Source file was:

      #include <GLES/gl.h>
      #include <GLES/glext.h>
      int main (int argc, char** argv) {}
Determining if the include file dbus/dbus.h exists failed with the following output:
Change Dir: /home/murii/Desktop/Programming/CLove/build/CMakeFiles/CMakeTmp

Run Build Command:"/usr/bin/make" "cmTC_6e44c/fast"
/usr/bin/make -f CMakeFiles/cmTC_6e44c.dir/build.make CMakeFiles/cmTC_6e44c.dir/build
make[1]: Entering directory '/home/murii/Desktop/Programming/CLove/build/CMakeFiles/CMakeTmp'
Building C object CMakeFiles/cmTC_6e44c.dir/CheckIncludeFile.c.o
/usr/bin/cc    -g -O3    -o CMakeFiles/cmTC_6e44c.dir/CheckIncludeFile.c.o   -c /home/murii/Desktop/Programming/CLove/build/CMakeFiles/CMakeTmp/CheckIncludeFile.c
/home/murii/Desktop/Programming/CLove/build/CMakeFiles/CMakeTmp/CheckIncludeFile.c:1:23: fatal error: dbus/dbus.h: No such file or directory
 #include <dbus/dbus.h>
                       ^
compilation terminated.
CMakeFiles/cmTC_6e44c.dir/build.make:65: recipe for target 'CMakeFiles/cmTC_6e44c.dir/CheckIncludeFile.c.o' failed
make[1]: *** [CMakeFiles/cmTC_6e44c.dir/CheckIncludeFile.c.o] Error 1
make[1]: Leaving directory '/home/murii/Desktop/Programming/CLove/build/CMakeFiles/CMakeTmp'
Makefile:126: recipe for target 'cmTC_6e44c/fast' failed
make: *** [cmTC_6e44c/fast] Error 2


Performing C SOURCE FILE Test HAVE_INPUT_TSLIB failed with the following output:
Change Dir: /home/murii/Desktop/Programming/CLove/build/CMakeFiles/CMakeTmp

Run Build Command:"/usr/bin/make" "cmTC_94647/fast"
/usr/bin/make -f CMakeFiles/cmTC_94647.dir/build.make CMakeFiles/cmTC_94647.dir/build
make[1]: Entering directory '/home/murii/Desktop/Programming/CLove/build/CMakeFiles/CMakeTmp'
Building C object CMakeFiles/cmTC_94647.dir/src.c.o
/usr/bin/cc    -g -O3 -DHAVE_INPUT_TSLIB   -o CMakeFiles/cmTC_94647.dir/src.c.o   -c /home/murii/Desktop/Programming/CLove/build/CMakeFiles/CMakeTmp/src.c
/home/murii/Desktop/Programming/CLove/build/CMakeFiles/CMakeTmp/src.c:2:27: fatal error: tslib.h: No such file or directory
         #include "tslib.h"
                           ^
compilation terminated.
CMakeFiles/cmTC_94647.dir/build.make:65: recipe for target 'CMakeFiles/cmTC_94647.dir/src.c.o' failed
make[1]: *** [CMakeFiles/cmTC_94647.dir/src.c.o] Error 1
make[1]: Leaving directory '/home/murii/Desktop/Programming/CLove/build/CMakeFiles/CMakeTmp'
Makefile:126: recipe for target 'cmTC_94647/fast' failed
make: *** [cmTC_94647/fast] Error 2

Source file was:

        #include "tslib.h"
        int main(int argc, char** argv) { }
Determining if the function hid_init exists in the usbhid failed with the following output:
Change Dir: /home/murii/Desktop/Programming/CLove/build/CMakeFiles/CMakeTmp

Run Build Command:"/usr/bin/make" "cmTC_aab6c/fast"
/usr/bin/make -f CMakeFiles/cmTC_aab6c.dir/build.make CMakeFiles/cmTC_aab6c.dir/build
make[1]: Entering directory '/home/murii/Desktop/Programming/CLove/build/CMakeFiles/CMakeTmp'
Building C object CMakeFiles/cmTC_aab6c.dir/CheckFunctionExists.c.o
/usr/bin/cc    -g -O3 -DCHECK_FUNCTION_EXISTS=hid_init   -o CMakeFiles/cmTC_aab6c.dir/CheckFunctionExists.c.o   -c /usr/share/cmake-3.5/Modules/CheckFunctionExists.c
Linking C executable cmTC_aab6c
/usr/bin/cmake -E cmake_link_script CMakeFiles/cmTC_aab6c.dir/link.txt --verbose=1
/usr/bin/cc  -g -O3 -DCHECK_FUNCTION_EXISTS=hid_init    CMakeFiles/cmTC_aab6c.dir/CheckFunctionExists.c.o  -o cmTC_aab6c -rdynamic -lusbhid 
/usr/bin/ld: cannot find -lusbhid
collect2: error: ld returned 1 exit status
CMakeFiles/cmTC_aab6c.dir/build.make:97: recipe for target 'cmTC_aab6c' failed
make[1]: *** [cmTC_aab6c] Error 1
make[1]: Leaving directory '/home/murii/Desktop/Programming/CLove/build/CMakeFiles/CMakeTmp'
Makefile:126: recipe for target 'cmTC_aab6c/fast' failed
make: *** [cmTC_aab6c/fast] Error 2


Determining if the include file usb.h exists failed with the following output:
Change Dir: /home/murii/Desktop/Programming/CLove/build/CMakeFiles/CMakeTmp

Run Build Command:"/usr/bin/make" "cmTC_11e46/fast"
/usr/bin/make -f CMakeFiles/cmTC_11e46.dir/build.make CMakeFiles/cmTC_11e46.dir/build
make[1]: Entering directory '/home/murii/Desktop/Programming/CLove/build/CMakeFiles/CMakeTmp'
Building C object CMakeFiles/cmTC_11e46.dir/CheckIncludeFile.c.o
/usr/bin/cc    -g -O3    -o CMakeFiles/cmTC_11e46.dir/CheckIncludeFile.c.o   -c /home/murii/Desktop/Programming/CLove/build/CMakeFiles/CMakeTmp/CheckIncludeFile.c
/home/murii/Desktop/Programming/CLove/build/CMakeFiles/CMakeTmp/CheckIncludeFile.c:1:17: fatal error: usb.h: No such file or directory
 #include <usb.h>
                 ^
compilation terminated.
CMakeFiles/cmTC_11e46.dir/build.make:65: recipe for target 'CMakeFiles/cmTC_11e46.dir/CheckIncludeFile.c.o' failed
make[1]: *** [CMakeFiles/cmTC_11e46.dir/CheckIncludeFile.c.o] Error 1
make[1]: Leaving directory '/home/murii/Desktop/Programming/CLove/build/CMakeFiles/CMakeTmp'
Makefile:126: recipe for target 'cmTC_11e46/fast' failed
make: *** [cmTC_11e46/fast] Error 2


Determining if the include file libusb.h exists failed with the following output:
Change Dir: /home/murii/Desktop/Programming/CLove/build/CMakeFiles/CMakeTmp

Run Build Command:"/usr/bin/make" "cmTC_95453/fast"
/usr/bin/make -f CMakeFiles/cmTC_95453.dir/build.make CMakeFiles/cmTC_95453.dir/build
make[1]: Entering directory '/home/murii/Desktop/Programming/CLove/build/CMakeFiles/CMakeTmp'
Building C object CMakeFiles/cmTC_95453.dir/CheckIncludeFile.c.o
/usr/bin/cc    -g -O3    -o CMakeFiles/cmTC_95453.dir/CheckIncludeFile.c.o   -c /home/murii/Desktop/Programming/CLove/build/CMakeFiles/CMakeTmp/CheckIncludeFile.c
/home/murii/Desktop/Programming/CLove/build/CMakeFiles/CMakeTmp/CheckIncludeFile.c:1:20: fatal error: libusb.h: No such file or directory
 #include <libusb.h>
                    ^
compilation terminated.
CMakeFiles/cmTC_95453.dir/build.make:65: recipe for target 'CMakeFiles/cmTC_95453.dir/CheckIncludeFile.c.o' failed
make[1]: *** [CMakeFiles/cmTC_95453.dir/CheckIncludeFile.c.o] Error 1
make[1]: Leaving directory '/home/murii/Desktop/Programming/CLove/build/CMakeFiles/CMakeTmp'
Makefile:126: recipe for target 'cmTC_95453/fast' failed
make: *** [cmTC_95453/fast] Error 2


Determining if the function hid_init exists in the usb failed with the following output:
Change Dir: /home/murii/Desktop/Programming/CLove/build/CMakeFiles/CMakeTmp

Run Build Command:"/usr/bin/make" "cmTC_eaabf/fast"
/usr/bin/make -f CMakeFiles/cmTC_eaabf.dir/build.make CMakeFiles/cmTC_eaabf.dir/build
make[1]: Entering directory '/home/murii/Desktop/Programming/CLove/build/CMakeFiles/CMakeTmp'
Building C object CMakeFiles/cmTC_eaabf.dir/CheckFunctionExists.c.o
/usr/bin/cc    -g -O3 -DCHECK_FUNCTION_EXISTS=hid_init   -o CMakeFiles/cmTC_eaabf.dir/CheckFunctionExists.c.o   -c /usr/share/cmake-3.5/Modules/CheckFunctionExists.c
Linking C executable cmTC_eaabf
/usr/bin/cmake -E cmake_link_script CMakeFiles/cmTC_eaabf.dir/link.txt --verbose=1
/usr/bin/cc  -g -O3 -DCHECK_FUNCTION_EXISTS=hid_init    CMakeFiles/cmTC_eaabf.dir/CheckFunctionExists.c.o  -o cmTC_eaabf -rdynamic -lusb 
/usr/bin/ld: cannot find -lusb
collect2: error: ld returned 1 exit status
CMakeFiles/cmTC_eaabf.dir/build.make:97: recipe for target 'cmTC_eaabf' failed
make[1]: *** [cmTC_eaabf] Error 1
make[1]: Leaving directory '/home/murii/Desktop/Programming/CLove/build/CMakeFiles/CMakeTmp'
Makefile:126: recipe for target 'cmTC_eaabf/fast' failed
make: *** [cmTC_eaabf/fast] Error 2


Performing C SOURCE FILE Test HAVE_USBHID failed with the following output:
Change Dir: /home/murii/Desktop/Programming/CLove/build/CMakeFiles/CMakeTmp

Run Build Command:"/usr/bin/make" "cmTC_eda34/fast"
/usr/bin/make -f CMakeFiles/cmTC_eda34.dir/build.make CMakeFiles/cmTC_eda34.dir/build
make[1]: Entering directory '/home/murii/Desktop/Programming/CLove/build/CMakeFiles/CMakeTmp'
Building C object CMakeFiles/cmTC_eda34.dir/src.c.o
/usr/bin/cc    -g -O3 -DHAVE_USBHID   -o CMakeFiles/cmTC_eda34.dir/src.c.o   -c /home/murii/Desktop/Programming/CLove/build/CMakeFiles/CMakeTmp/src.c
/home/murii/Desktop/Programming/CLove/build/CMakeFiles/CMakeTmp/src.c:10:34: fatal error: dev/usb/usb.h: No such file or directory
         # include <dev/usb/usb.h>
                                  ^
compilation terminated.
CMakeFiles/cmTC_eda34.dir/build.make:65: recipe for target 'CMakeFiles/cmTC_eda34.dir/src.c.o' failed
make[1]: *** [CMakeFiles/cmTC_eda34.dir/src.c.o] Error 1
make[1]: Leaving directory '/home/murii/Desktop/Programming/CLove/build/CMakeFiles/CMakeTmp'
Makefile:126: recipe for target 'cmTC_eda34/fast' failed
make: *** [cmTC_eda34/fast] Error 2

Source file was:

       #include <sys/types.h>
        #if defined(HAVE_USB_H)
        #include <usb.h>
        #endif
        #ifdef __DragonFly__
        # include <bus/usb/usb.h>
        # include <bus/usb/usbhid.h>
        #else
        # include <dev/usb/usb.h>
        # include <dev/usb/usbhid.h>
        #endif
        #if defined(HAVE_USBHID_H)
        #include <usbhid.h>
        #elif defined(HAVE_LIBUSB_H)
        #include <libusb.h>
        #elif defined(HAVE_LIBUSBHID_H)
        #include <libusbhid.h>
        #endif
        int main(int argc, char **argv) {
          struct report_desc *repdesc;
          struct usb_ctl_report *repbuf;
          hid_kind_t hidkind;
          return 0;
        }
Determining if the function pthread_set_name_np exists failed with the following output:
Change Dir: /home/murii/Desktop/Programming/CLove/build/CMakeFiles/CMakeTmp

Run Build Command:"/usr/bin/make" "cmTC_f0524/fast"
/usr/bin/make -f CMakeFiles/cmTC_f0524.dir/build.make CMakeFiles/cmTC_f0524.dir/build
make[1]: Entering directory '/home/murii/Desktop/Programming/CLove/build/CMakeFiles/CMakeTmp'
Building C object CMakeFiles/cmTC_f0524.dir/CheckFunctionExists.c.o
/usr/bin/cc    -g -O3 -DCHECK_FUNCTION_EXISTS=pthread_set_name_np -D_REENTRANT -pthread   -o CMakeFiles/cmTC_f0524.dir/CheckFunctionExists.c.o   -c /usr/share/cmake-3.5/Modules/CheckFunctionExists.c
Linking C executable cmTC_f0524
/usr/bin/cmake -E cmake_link_script CMakeFiles/cmTC_f0524.dir/link.txt --verbose=1
/usr/bin/cc  -g -O3 -DCHECK_FUNCTION_EXISTS=pthread_set_name_np -D_REENTRANT -pthread    CMakeFiles/cmTC_f0524.dir/CheckFunctionExists.c.o  -o cmTC_f0524 -rdynamic 
CMakeFiles/cmTC_f0524.dir/CheckFunctionExists.c.o: In function `main':
/usr/share/cmake-3.5/Modules/CheckFunctionExists.c:14: undefined reference to `pthread_set_name_np'
collect2: error: ld returned 1 exit status
CMakeFiles/cmTC_f0524.dir/build.make:97: recipe for target 'cmTC_f0524' failed
make[1]: *** [cmTC_f0524] Error 1
make[1]: Leaving directory '/home/murii/Desktop/Programming/CLove/build/CMakeFiles/CMakeTmp'
Makefile:126: recipe for target 'cmTC_f0524/fast' failed
make: *** [cmTC_f0524/fast] Error 2


